
*** Running vivado
    with args -log test.vdi -applog -m64 -product Vivado -messageDb vivado.pb -mode batch -source test.tcl -notrace


****** Vivado v2018.3 (64-bit)
  **** SW Build 2405991 on Thu Dec  6 23:38:27 MST 2018
  **** IP Build 2404404 on Fri Dec  7 01:43:56 MST 2018
    ** Copyright 1986-2018 Xilinx, Inc. All Rights Reserved.

source test.tcl -notrace
INFO: [IP_Flow 19-234] Refreshing IP repositories
INFO: [IP_Flow 19-1700] Loaded user IP repository 'e:/vivadofile/IP_libarary1/IP_Core'.
INFO: [IP_Flow 19-1700] Loaded user IP repository 'e:/vivadofile/IP_libarary1/FPGA-IP'.
INFO: [IP_Flow 19-2313] Loaded Vivado IP repository 'D:/solftware/vivado/Vivado/2018.3/data/ip'.
CRITICAL WARNING: [IP_Flow 19-1663] Duplicate IP found for 'trenz.biz:user:csi_to_axis:1.0'. The one found in IP location 'e:/vivadofile/IP_libarary1/IP_Core/CSI2AXIS_1.0_IP' will take precedence over the same IP in location e:/vivadofile/IP_libarary1/FPGA-IP/Camera-IP/IP/CSI2AXIS_1.0_IP
CRITICAL WARNING: [IP_Flow 19-1663] Duplicate IP found for 'trenz.biz:user:csi2_d_phy_rx:1.0'. The one found in IP location 'e:/vivadofile/IP_libarary1/IP_Core/CSI2DPHY_RX_1.0_IP' will take precedence over the same IP in location e:/vivadofile/IP_libarary1/FPGA-IP/Camera-IP/IP/CSI2DPHY_RX_1.0_IP
CRITICAL WARNING: [IP_Flow 19-1663] Duplicate IP found for 'digilentinc.com:ip:rgb2dvi:1.2'. The one found in IP location 'e:/vivadofile/IP_libarary1/IP_Core/RGB2DVI_IP' will take precedence over the same IP in location e:/vivadofile/IP_libarary1/FPGA-IP/Mini-HDMI-IP/IP/RGB2DVI_IP
Command: link_design -top test -part xc7s15ftgb196-1
Design is defaulting to srcset: sources_1
Design is defaulting to constrset: constrs_1
INFO: [Project 1-454] Reading design checkpoint 'e:/vivadofile/lab_102/lab_102.srcs/sources_1/ip/rgb2dvi_0/rgb2dvi_0.dcp' for cell 'Mini_HDMI_Driver'
INFO: [Project 1-454] Reading design checkpoint 'E:/vivadofile/lab_102/lab_102.runs/impl_1/.Xil/Vivado-13080-zyz10086/clk_wiz_0/clk_wiz_0.dcp' for cell 'clk_10'
INFO: [Project 1-454] Reading design checkpoint 'e:/vivadofile/lab_102/lab_102.srcs/sources_1/ip/RGB_To_Gray_0/RGB_To_Gray_0.dcp' for cell 'Image_Process_Edge/RGB2Gray'
INFO: [Project 1-454] Reading design checkpoint 'e:/vivadofile/lab_102/lab_102.srcs/sources_1/ip/csi2_d_phy_rx_0/csi2_d_phy_rx_0.dcp' for cell 'MIPI_Trans_Driver/Data_Read'
INFO: [Project 1-454] Reading design checkpoint 'e:/vivadofile/lab_102/lab_102.srcs/sources_1/ip/csi_to_axis_0/csi_to_axis_0.dcp' for cell 'MIPI_Trans_Driver/Data_To_Csi'
INFO: [Project 1-454] Reading design checkpoint 'E:/vivadofile/lab_102/lab_102.runs/impl_1/.Xil/Vivado-13080-zyz10086/clk_wiz_1/clk_wiz_1.dcp' for cell 'MIPI_Trans_Driver/camera_clock'
INFO: [Project 1-454] Reading design checkpoint 'E:/vivadofile/lab_102/lab_102.runs/impl_1/.Xil/Vivado-13080-zyz10086/RAM_Line/RAM_Line.dcp' for cell 'MIPI_Trans_Driver/Driver_Bayer_To_RGB0/RAM_Line_Buff0'
INFO: [Project 1-454] Reading design checkpoint 'E:/vivadofile/lab_102/lab_102.runs/impl_1/.Xil/Vivado-13080-zyz10086/AXIS_Data_RAM/AXIS_Data_RAM.dcp' for cell 'MIPI_Trans_Driver/Driver_Csi_To_Dvp0/RAM_AXIS'
INFO: [Netlist 29-17] Analyzing 554 Unisim elements for replacement
INFO: [Netlist 29-28] Unisim Transformation completed in 0 CPU seconds
INFO: [Project 1-479] Netlist was created with Vivado 2018.3
INFO: [Device 21-403] Loading part xc7s15ftgb196-1
INFO: [Project 1-570] Preparing netlist for logic optimization
WARNING: [Opt 31-32] Removing redundant IBUF since it is not being driven by a top-level port. MIPI_Trans_Driver/camera_clock/inst/clkin1_ibufg 
Resolution: The tool has removed redundant IBUF. To resolve this warning, check for redundant IBUF in the input design.
WARNING: [Constraints 18-550] Could not create 'IBUF_LOW_PWR' constraint because net 'MIPI_Trans_Driver/camera_clock/clk_in1' is not directly connected to top level port. Synthesis is ignored for IBUF_LOW_PWR but preserved for implementation.
Parsing XDC File [e:/vivadofile/lab_102/lab_102.srcs/sources_1/ip/clk_wiz_1/clk_wiz_1_board.xdc] for cell 'MIPI_Trans_Driver/camera_clock/inst'
Finished Parsing XDC File [e:/vivadofile/lab_102/lab_102.srcs/sources_1/ip/clk_wiz_1/clk_wiz_1_board.xdc] for cell 'MIPI_Trans_Driver/camera_clock/inst'
Parsing XDC File [e:/vivadofile/lab_102/lab_102.srcs/sources_1/ip/clk_wiz_1/clk_wiz_1.xdc] for cell 'MIPI_Trans_Driver/camera_clock/inst'
INFO: [Timing 38-35] Done setting XDC timing constraints. [e:/vivadofile/lab_102/lab_102.srcs/sources_1/ip/clk_wiz_1/clk_wiz_1.xdc:57]
INFO: [Timing 38-2] Deriving generated clocks [e:/vivadofile/lab_102/lab_102.srcs/sources_1/ip/clk_wiz_1/clk_wiz_1.xdc:57]
get_clocks: Time (s): cpu = 00:00:10 ; elapsed = 00:00:10 . Memory (MB): peak = 1048.191 ; gain = 448.414
Finished Parsing XDC File [e:/vivadofile/lab_102/lab_102.srcs/sources_1/ip/clk_wiz_1/clk_wiz_1.xdc] for cell 'MIPI_Trans_Driver/camera_clock/inst'
Parsing XDC File [e:/vivadofile/lab_102/lab_102.srcs/sources_1/ip/rgb2dvi_0/src/rgb2dvi.xdc] for cell 'Mini_HDMI_Driver/U0'
Finished Parsing XDC File [e:/vivadofile/lab_102/lab_102.srcs/sources_1/ip/rgb2dvi_0/src/rgb2dvi.xdc] for cell 'Mini_HDMI_Driver/U0'
Parsing XDC File [e:/vivadofile/lab_102/lab_102.srcs/sources_1/ip/clk_wiz_0/clk_wiz_0_board.xdc] for cell 'clk_10/inst'
Finished Parsing XDC File [e:/vivadofile/lab_102/lab_102.srcs/sources_1/ip/clk_wiz_0/clk_wiz_0_board.xdc] for cell 'clk_10/inst'
Parsing XDC File [e:/vivadofile/lab_102/lab_102.srcs/sources_1/ip/clk_wiz_0/clk_wiz_0.xdc] for cell 'clk_10/inst'
INFO: [Timing 38-2] Deriving generated clocks [e:/vivadofile/lab_102/lab_102.srcs/sources_1/ip/clk_wiz_0/clk_wiz_0.xdc:57]
Finished Parsing XDC File [e:/vivadofile/lab_102/lab_102.srcs/sources_1/ip/clk_wiz_0/clk_wiz_0.xdc] for cell 'clk_10/inst'
Parsing XDC File [e:/vivadofile/lab_102/lab_102.srcs/sources_1/ip/csi2_d_phy_rx_0/hdl/csi2_d_phy_rx.xdc] for cell 'MIPI_Trans_Driver/Data_Read/U0'
Finished Parsing XDC File [e:/vivadofile/lab_102/lab_102.srcs/sources_1/ip/csi2_d_phy_rx_0/hdl/csi2_d_phy_rx.xdc] for cell 'MIPI_Trans_Driver/Data_Read/U0'
Parsing XDC File [e:/vivadofile/lab_102/lab_102.srcs/sources_1/ip/csi_to_axis_0/hdl/csi_to_axis.xdc] for cell 'MIPI_Trans_Driver/Data_To_Csi/U0'
Finished Parsing XDC File [e:/vivadofile/lab_102/lab_102.srcs/sources_1/ip/csi_to_axis_0/hdl/csi_to_axis.xdc] for cell 'MIPI_Trans_Driver/Data_To_Csi/U0'
Parsing XDC File [E:/vivadofile/lab_102/lab_102.srcs/constrs_1/new/system.xdc]
Finished Parsing XDC File [E:/vivadofile/lab_102/lab_102.srcs/constrs_1/new/system.xdc]
Parsing XDC File [e:/vivadofile/lab_102/lab_102.srcs/sources_1/ip/rgb2dvi_0/src/rgb2dvi_clocks.xdc] for cell 'Mini_HDMI_Driver/U0'
Finished Parsing XDC File [e:/vivadofile/lab_102/lab_102.srcs/sources_1/ip/rgb2dvi_0/src/rgb2dvi_clocks.xdc] for cell 'Mini_HDMI_Driver/U0'
INFO: [Opt 31-138] Pushed 0 inverter(s) to 0 load pin(s).
Netlist sorting complete. Time (s): cpu = 00:00:00 ; elapsed = 00:00:00.002 . Memory (MB): peak = 1048.750 ; gain = 0.000
INFO: [Project 1-111] Unisim Transformation Summary:
  A total of 1 instances were transformed.
  IOBUF => IOBUF (IBUF, OBUFT): 1 instances

22 Infos, 2 Warnings, 3 Critical Warnings and 0 Errors encountered.
link_design completed successfully
link_design: Time (s): cpu = 00:00:17 ; elapsed = 00:00:18 . Memory (MB): peak = 1048.750 ; gain = 764.586
Command: opt_design
Attempting to get a license for feature 'Implementation' and/or device 'xc7s15'
INFO: [Common 17-349] Got license for feature 'Implementation' and/or device 'xc7s15'
Running DRC as a precondition to command opt_design

Starting DRC Task
INFO: [DRC 23-27] Running DRC with 2 threads
INFO: [Project 1-461] DRC finished with 0 Errors
INFO: [Project 1-462] Please refer to the DRC report (report_drc) for more information.

Time (s): cpu = 00:00:02 ; elapsed = 00:00:01 . Memory (MB): peak = 1048.750 ; gain = 0.000

Starting Cache Timing Information Task
INFO: [Timing 38-35] Done setting XDC timing constraints.
INFO: [Timing 38-2] Deriving generated clocks
Ending Cache Timing Information Task | Checksum: 234ee0be2

Time (s): cpu = 00:00:01 ; elapsed = 00:00:00.546 . Memory (MB): peak = 1063.090 ; gain = 14.340

Starting Logic Optimization Task

Phase 1 Retarget
INFO: [Opt 31-138] Pushed 0 inverter(s) to 0 load pin(s).
INFO: [Opt 31-49] Retargeted 0 cell(s).
Phase 1 Retarget | Checksum: 7fdbb35c

Time (s): cpu = 00:00:00 ; elapsed = 00:00:00.583 . Memory (MB): peak = 1150.156 ; gain = 0.000
INFO: [Opt 31-389] Phase Retarget created 71 cells and removed 183 cells
INFO: [Opt 31-1021] In phase Retarget, 3 netlist objects are constrained preventing optimization. Please run opt_design with -debug_log to get more detail. 

Phase 2 Constant propagation
INFO: [Opt 31-138] Pushed 3 inverter(s) to 22 load pin(s).
Phase 2 Constant propagation | Checksum: 8a00cd29

Time (s): cpu = 00:00:01 ; elapsed = 00:00:00.777 . Memory (MB): peak = 1150.156 ; gain = 0.000
INFO: [Opt 31-389] Phase Constant propagation created 78 cells and removed 138 cells
INFO: [Opt 31-1021] In phase Constant propagation, 1 netlist objects are constrained preventing optimization. Please run opt_design with -debug_log to get more detail. 

Phase 3 Sweep
Phase 3 Sweep | Checksum: 1091819fa

Time (s): cpu = 00:00:01 ; elapsed = 00:00:02 . Memory (MB): peak = 1150.156 ; gain = 0.000
INFO: [Opt 31-389] Phase Sweep created 0 cells and removed 1906 cells

Phase 4 BUFG optimization
INFO: [Opt 31-194] Inserted BUFG Mini_HDMI_Driver/U0/ClockGenInternal.ClockGenX/PixelClk_BUFG_inst to drive 8 load(s) on clock net Mini_HDMI_Driver/U0/PixelClkIO
INFO: [Opt 31-194] Inserted BUFG Mini_HDMI_Driver/U0/ClockGenInternal.ClockGenX/SerialClk_BUFG_inst to drive 8 load(s) on clock net Mini_HDMI_Driver/U0/SerialClkIO
INFO: [Opt 31-194] Inserted BUFG clk_10/inst/clk_out1_clk_wiz_0_BUFG_inst to drive 0 load(s) on clock net clk_10/inst/clk_out1_clk_wiz_0_BUFG
INFO: [Opt 31-194] Inserted BUFG clk_10/inst/clk_out2_clk_wiz_0_BUFG_inst to drive 0 load(s) on clock net clk_10/inst/clk_out2_clk_wiz_0_BUFG
INFO: [Opt 31-194] Inserted BUFG MIPI_Trans_Driver/camera_clock/inst/clk_out1_clk_wiz_1_BUFG_inst to drive 0 load(s) on clock net MIPI_Trans_Driver/camera_clock/inst/clk_out1_clk_wiz_1_BUFG
INFO: [Opt 31-193] Inserted 5 BUFG(s) on clock nets
Phase 4 BUFG optimization | Checksum: b0d96df7

Time (s): cpu = 00:00:02 ; elapsed = 00:00:02 . Memory (MB): peak = 1150.156 ; gain = 0.000
INFO: [Opt 31-662] Phase BUFG optimization created 2 cells of which 2 are BUFGs and removed 0 cells.

Phase 5 Shift Register Optimization
Phase 5 Shift Register Optimization | Checksum: 12a051f2f

Time (s): cpu = 00:00:02 ; elapsed = 00:00:02 . Memory (MB): peak = 1150.156 ; gain = 0.000
INFO: [Opt 31-389] Phase Shift Register Optimization created 0 cells and removed 0 cells

Phase 6 Post Processing Netlist
Phase 6 Post Processing Netlist | Checksum: 191bdf003

Time (s): cpu = 00:00:02 ; elapsed = 00:00:02 . Memory (MB): peak = 1150.156 ; gain = 0.000
INFO: [Opt 31-389] Phase Post Processing Netlist created 0 cells and removed 0 cells
Opt_design Change Summary
=========================


-------------------------------------------------------------------------------------------------------------------------
|  Phase                        |  #Cells created  |  #Cells Removed  |  #Constrained objects preventing optimizations  |
-------------------------------------------------------------------------------------------------------------------------
|  Retarget                     |              71  |             183  |                                              3  |
|  Constant propagation         |              78  |             138  |                                              1  |
|  Sweep                        |               0  |            1906  |                                              0  |
|  BUFG optimization            |               2  |               0  |                                              0  |
|  Shift Register Optimization  |               0  |               0  |                                              0  |
|  Post Processing Netlist      |               0  |               0  |                                              0  |
-------------------------------------------------------------------------------------------------------------------------



Starting Connectivity Check Task

Time (s): cpu = 00:00:00 ; elapsed = 00:00:00.007 . Memory (MB): peak = 1150.156 ; gain = 0.000
Ending Logic Optimization Task | Checksum: 1cd86f16e

Time (s): cpu = 00:00:02 ; elapsed = 00:00:02 . Memory (MB): peak = 1150.156 ; gain = 0.000

Starting Power Optimization Task
INFO: [Pwropt 34-132] Skipping clock gating for clocks with a period < 2.00 ns.
INFO: [Timing 38-35] Done setting XDC timing constraints.
INFO: [Pwropt 34-9] Applying IDT optimizations ...
INFO: [Pwropt 34-10] Applying ODC optimizations ...
INFO: [Physopt 32-619] Estimated Timing Summary | WNS=-0.599 | TNS=-2.927 |
Running Vector-less Activity Propagation...

Finished Running Vector-less Activity Propagation


Starting PowerOpt Patch Enables Task
INFO: [Pwropt 34-162] WRITE_MODE attribute of 4 BRAM(s) out of a total of 4 has been updated to save power. Run report_power_opt to get a complete listing of the BRAMs updated.
INFO: [Pwropt 34-201] Structural ODC has moved 0 WE to EN ports
Number of BRAM Ports augmented: 4 newly gated: 6 Total Ports: 8
Ending PowerOpt Patch Enables Task | Checksum: ad53d9e7

Time (s): cpu = 00:00:00 ; elapsed = 00:00:00.064 . Memory (MB): peak = 1261.527 ; gain = 0.000
Ending Power Optimization Task | Checksum: ad53d9e7

Time (s): cpu = 00:00:03 ; elapsed = 00:00:02 . Memory (MB): peak = 1261.527 ; gain = 111.371

Starting Final Cleanup Task

Starting Logic Optimization Task
INFO: [Timing 38-35] Done setting XDC timing constraints.
Ending Logic Optimization Task | Checksum: 1bdad59aa

Time (s): cpu = 00:00:00 ; elapsed = 00:00:00.398 . Memory (MB): peak = 1261.527 ; gain = 0.000
Ending Final Cleanup Task | Checksum: 1bdad59aa

Time (s): cpu = 00:00:01 ; elapsed = 00:00:02 . Memory (MB): peak = 1261.527 ; gain = 0.000

Starting Netlist Obfuscation Task
Netlist sorting complete. Time (s): cpu = 00:00:00 ; elapsed = 00:00:00.002 . Memory (MB): peak = 1261.527 ; gain = 0.000
Ending Netlist Obfuscation Task | Checksum: 1bdad59aa

Time (s): cpu = 00:00:00 ; elapsed = 00:00:00.002 . Memory (MB): peak = 1261.527 ; gain = 0.000
INFO: [Common 17-83] Releasing license: Implementation
54 Infos, 2 Warnings, 3 Critical Warnings and 0 Errors encountered.
opt_design completed successfully
opt_design: Time (s): cpu = 00:00:10 ; elapsed = 00:00:09 . Memory (MB): peak = 1261.527 ; gain = 212.777
Netlist sorting complete. Time (s): cpu = 00:00:00 ; elapsed = 00:00:00.001 . Memory (MB): peak = 1261.527 ; gain = 0.000
INFO: [Timing 38-480] Writing timing data to binary archive.
Writing placer database...
Writing XDEF routing.
Writing XDEF routing logical nets.
Writing XDEF routing special nets.
Write XDEF Complete: Time (s): cpu = 00:00:00 ; elapsed = 00:00:00.062 . Memory (MB): peak = 1261.527 ; gain = 0.000
Netlist sorting complete. Time (s): cpu = 00:00:00 ; elapsed = 00:00:00.001 . Memory (MB): peak = 1261.527 ; gain = 0.000
INFO: [Common 17-1381] The checkpoint 'E:/vivadofile/lab_102/lab_102.runs/impl_1/test_opt.dcp' has been generated.
INFO: [runtcl-4] Executing : report_drc -file test_drc_opted.rpt -pb test_drc_opted.pb -rpx test_drc_opted.rpx
Command: report_drc -file test_drc_opted.rpt -pb test_drc_opted.pb -rpx test_drc_opted.rpx
INFO: [IP_Flow 19-1839] IP Catalog is up to date.
INFO: [DRC 23-27] Running DRC with 2 threads
INFO: [Coretcl 2-168] The results of DRC are in file E:/vivadofile/lab_102/lab_102.runs/impl_1/test_drc_opted.rpt.
report_drc completed successfully
Command: place_design
Attempting to get a license for feature 'Implementation' and/or device 'xc7s15'
INFO: [Common 17-349] Got license for feature 'Implementation' and/or device 'xc7s15'
INFO: [DRC 23-27] Running DRC with 2 threads
INFO: [Vivado_Tcl 4-198] DRC finished with 0 Errors
INFO: [Vivado_Tcl 4-199] Please refer to the DRC report (report_drc) for more information.
Running DRC as a precondition to command place_design
INFO: [DRC 23-27] Running DRC with 2 threads
INFO: [Vivado_Tcl 4-198] DRC finished with 0 Errors
INFO: [Vivado_Tcl 4-199] Please refer to the DRC report (report_drc) for more information.

Starting Placer Task
INFO: [Place 30-611] Multithreading enabled for place_design using a maximum of 2 CPUs

Phase 1 Placer Initialization

Phase 1.1 Placer Initialization Netlist Sorting
Netlist sorting complete. Time (s): cpu = 00:00:00 ; elapsed = 00:00:00.002 . Memory (MB): peak = 1261.527 ; gain = 0.000
Phase 1.1 Placer Initialization Netlist Sorting | Checksum: d9f767a9

Time (s): cpu = 00:00:00 ; elapsed = 00:00:00.006 . Memory (MB): peak = 1261.527 ; gain = 0.000
Netlist sorting complete. Time (s): cpu = 00:00:00 ; elapsed = 00:00:00.001 . Memory (MB): peak = 1261.527 ; gain = 0.000

Phase 1.2 IO Placement/ Clock Placement/ Build Placer Device
INFO: [Timing 38-35] Done setting XDC timing constraints.
Phase 1.2 IO Placement/ Clock Placement/ Build Placer Device | Checksum: 16a22a675

Time (s): cpu = 00:00:01 ; elapsed = 00:00:00.873 . Memory (MB): peak = 1261.527 ; gain = 0.000

Phase 1.3 Build Placer Netlist Model
Phase 1.3 Build Placer Netlist Model | Checksum: 20d30c1a1

Time (s): cpu = 00:00:02 ; elapsed = 00:00:02 . Memory (MB): peak = 1261.527 ; gain = 0.000

Phase 1.4 Constrain Clocks/Macros
Phase 1.4 Constrain Clocks/Macros | Checksum: 20d30c1a1

Time (s): cpu = 00:00:02 ; elapsed = 00:00:02 . Memory (MB): peak = 1261.527 ; gain = 0.000
Phase 1 Placer Initialization | Checksum: 20d30c1a1

Time (s): cpu = 00:00:02 ; elapsed = 00:00:02 . Memory (MB): peak = 1261.527 ; gain = 0.000

Phase 2 Global Placement

Phase 2.1 Floorplanning
Phase 2.1 Floorplanning | Checksum: 1f08e4519

Time (s): cpu = 00:00:02 ; elapsed = 00:00:02 . Memory (MB): peak = 1261.527 ; gain = 0.000

Phase 2.2 Physical Synthesis In Placer
INFO: [Physopt 32-65] No nets found for high-fanout optimization.
INFO: [Physopt 32-232] Optimized 0 net. Created 0 new instance.
INFO: [Physopt 32-775] End 1 Pass. Optimized 0 net or cell. Created 0 new cell, deleted 0 existing cell and moved 0 existing cell
INFO: [Physopt 32-456] No candidate cells for DSP register optimization found in the design.
INFO: [Physopt 32-775] End 2 Pass. Optimized 0 net or cell. Created 0 new cell, deleted 0 existing cell and moved 0 existing cell
INFO: [Physopt 32-677] No candidate cells for Shift Register optimization found in the design
INFO: [Physopt 32-775] End 1 Pass. Optimized 0 net or cell. Created 0 new cell, deleted 0 existing cell and moved 0 existing cell
INFO: [Physopt 32-526] No candidate cells for BRAM register optimization found in the design
INFO: [Physopt 32-775] End 1 Pass. Optimized 0 net or cell. Created 0 new cell, deleted 0 existing cell and moved 0 existing cell
INFO: [Physopt 32-949] No candidate nets found for HD net replication
INFO: [Physopt 32-775] End 1 Pass. Optimized 0 net or cell. Created 0 new cell, deleted 0 existing cell and moved 0 existing cell
Netlist sorting complete. Time (s): cpu = 00:00:00 ; elapsed = 00:00:00.001 . Memory (MB): peak = 1261.527 ; gain = 0.000

Summary of Physical Synthesis Optimizations
============================================


----------------------------------------------------------------------------------------------------------------------------------------
|  Optimization                  |  Added Cells  |  Removed Cells  |  Optimized Cells/Nets  |  Dont Touch  |  Iterations  |  Elapsed   |
----------------------------------------------------------------------------------------------------------------------------------------
|  Very High Fanout              |            0  |              0  |                     0  |           0  |           1  |  00:00:00  |
|  DSP Register                  |            0  |              0  |                     0  |           0  |           1  |  00:00:00  |
|  Shift Register                |            0  |              0  |                     0  |           0  |           1  |  00:00:00  |
|  BRAM Register                 |            0  |              0  |                     0  |           0  |           1  |  00:00:00  |
|  HD Interface Net Replication  |            0  |              0  |                     0  |           0  |           1  |  00:00:00  |
|  Total                         |            0  |              0  |                     0  |           0  |           5  |  00:00:00  |
----------------------------------------------------------------------------------------------------------------------------------------


Phase 2.2 Physical Synthesis In Placer | Checksum: 1a674355d

Time (s): cpu = 00:00:07 ; elapsed = 00:00:05 . Memory (MB): peak = 1261.527 ; gain = 0.000
Phase 2 Global Placement | Checksum: 1885f6a8f

Time (s): cpu = 00:00:07 ; elapsed = 00:00:05 . Memory (MB): peak = 1261.527 ; gain = 0.000

Phase 3 Detail Placement

Phase 3.1 Commit Multi Column Macros
Phase 3.1 Commit Multi Column Macros | Checksum: 1885f6a8f

Time (s): cpu = 00:00:07 ; elapsed = 00:00:05 . Memory (MB): peak = 1261.527 ; gain = 0.000

Phase 3.2 Commit Most Macros & LUTRAMs
Phase 3.2 Commit Most Macros & LUTRAMs | Checksum: 19d5a55f7

Time (s): cpu = 00:00:08 ; elapsed = 00:00:05 . Memory (MB): peak = 1261.527 ; gain = 0.000

Phase 3.3 Area Swap Optimization
Phase 3.3 Area Swap Optimization | Checksum: 231d992e4

Time (s): cpu = 00:00:08 ; elapsed = 00:00:05 . Memory (MB): peak = 1261.527 ; gain = 0.000

Phase 3.4 Pipeline Register Optimization
Phase 3.4 Pipeline Register Optimization | Checksum: 1fc12a207

Time (s): cpu = 00:00:08 ; elapsed = 00:00:06 . Memory (MB): peak = 1261.527 ; gain = 0.000

Phase 3.5 Fast Optimization
Phase 3.5 Fast Optimization | Checksum: 25543d9cb

Time (s): cpu = 00:00:09 ; elapsed = 00:00:07 . Memory (MB): peak = 1261.527 ; gain = 0.000

Phase 3.6 Small Shape Detail Placement
Phase 3.6 Small Shape Detail Placement | Checksum: 1e0313090

Time (s): cpu = 00:00:10 ; elapsed = 00:00:07 . Memory (MB): peak = 1261.527 ; gain = 0.000

Phase 3.7 Re-assign LUT pins
Phase 3.7 Re-assign LUT pins | Checksum: 1adf65265

Time (s): cpu = 00:00:10 ; elapsed = 00:00:08 . Memory (MB): peak = 1261.527 ; gain = 0.000

Phase 3.8 Pipeline Register Optimization
Phase 3.8 Pipeline Register Optimization | Checksum: 12071a4e2

Time (s): cpu = 00:00:10 ; elapsed = 00:00:08 . Memory (MB): peak = 1261.527 ; gain = 0.000

Phase 3.9 Fast Optimization
Phase 3.9 Fast Optimization | Checksum: 190062d9f

Time (s): cpu = 00:00:12 ; elapsed = 00:00:09 . Memory (MB): peak = 1261.527 ; gain = 0.000
Phase 3 Detail Placement | Checksum: 190062d9f

Time (s): cpu = 00:00:12 ; elapsed = 00:00:09 . Memory (MB): peak = 1261.527 ; gain = 0.000

Phase 4 Post Placement Optimization and Clean-Up

Phase 4.1 Post Commit Optimization
INFO: [Timing 38-35] Done setting XDC timing constraints.

Phase 4.1.1 Post Placement Optimization
Post Placement Optimization Initialization | Checksum: 28402e785

Phase 4.1.1.1 BUFG Insertion
INFO: [Place 46-46] BUFG insertion identified 0 candidate nets, 0 success, 0 bufg driver replicated, 0 skipped for placement/routing, 0 skipped for timing, 0 skipped for netlist change reason
Phase 4.1.1.1 BUFG Insertion | Checksum: 28402e785

Time (s): cpu = 00:00:13 ; elapsed = 00:00:10 . Memory (MB): peak = 1261.527 ; gain = 0.000
INFO: [Place 30-746] Post Placement Timing Summary WNS=-0.152. For the most accurate timing information please run report_timing.
Phase 4.1.1 Post Placement Optimization | Checksum: 29a338a59

Time (s): cpu = 00:00:22 ; elapsed = 00:00:20 . Memory (MB): peak = 1261.527 ; gain = 0.000
Phase 4.1 Post Commit Optimization | Checksum: 29a338a59

Time (s): cpu = 00:00:22 ; elapsed = 00:00:20 . Memory (MB): peak = 1261.527 ; gain = 0.000

Phase 4.2 Post Placement Cleanup
Phase 4.2 Post Placement Cleanup | Checksum: 29a338a59

Time (s): cpu = 00:00:22 ; elapsed = 00:00:20 . Memory (MB): peak = 1261.527 ; gain = 0.000

Phase 4.3 Placer Reporting
Phase 4.3 Placer Reporting | Checksum: 29a338a59

Time (s): cpu = 00:00:22 ; elapsed = 00:00:20 . Memory (MB): peak = 1261.527 ; gain = 0.000

Phase 4.4 Final Placement Cleanup
Netlist sorting complete. Time (s): cpu = 00:00:00 ; elapsed = 00:00:00.002 . Memory (MB): peak = 1261.527 ; gain = 0.000
Phase 4.4 Final Placement Cleanup | Checksum: 1cde51eae

Time (s): cpu = 00:00:22 ; elapsed = 00:00:20 . Memory (MB): peak = 1261.527 ; gain = 0.000
Phase 4 Post Placement Optimization and Clean-Up | Checksum: 1cde51eae

Time (s): cpu = 00:00:22 ; elapsed = 00:00:20 . Memory (MB): peak = 1261.527 ; gain = 0.000
Ending Placer Task | Checksum: 105bd4d4e

Time (s): cpu = 00:00:22 ; elapsed = 00:00:20 . Memory (MB): peak = 1261.527 ; gain = 0.000
INFO: [Common 17-83] Releasing license: Implementation
84 Infos, 2 Warnings, 3 Critical Warnings and 0 Errors encountered.
place_design completed successfully
place_design: Time (s): cpu = 00:00:25 ; elapsed = 00:00:22 . Memory (MB): peak = 1261.527 ; gain = 0.000
Netlist sorting complete. Time (s): cpu = 00:00:00 ; elapsed = 00:00:00.001 . Memory (MB): peak = 1261.527 ; gain = 0.000
INFO: [Timing 38-480] Writing timing data to binary archive.
Writing placer database...
Netlist sorting complete. Time (s): cpu = 00:00:00 ; elapsed = 00:00:00.001 . Memory (MB): peak = 1261.527 ; gain = 0.000
Writing XDEF routing.
Writing XDEF routing logical nets.
Writing XDEF routing special nets.
Write XDEF Complete: Time (s): cpu = 00:00:01 ; elapsed = 00:00:00.319 . Memory (MB): peak = 1261.527 ; gain = 0.000
INFO: [Common 17-1381] The checkpoint 'E:/vivadofile/lab_102/lab_102.runs/impl_1/test_placed.dcp' has been generated.
INFO: [runtcl-4] Executing : report_io -file test_io_placed.rpt
report_io: Time (s): cpu = 00:00:00 ; elapsed = 00:00:00.030 . Memory (MB): peak = 1261.527 ; gain = 0.000
INFO: [runtcl-4] Executing : report_utilization -file test_utilization_placed.rpt -pb test_utilization_placed.pb
INFO: [runtcl-4] Executing : report_control_sets -verbose -file test_control_sets_placed.rpt
report_control_sets: Time (s): cpu = 00:00:00 ; elapsed = 00:00:00.009 . Memory (MB): peak = 1261.527 ; gain = 0.000
Command: route_design
Attempting to get a license for feature 'Implementation' and/or device 'xc7s15'
INFO: [Common 17-349] Got license for feature 'Implementation' and/or device 'xc7s15'
Running DRC as a precondition to command route_design
INFO: [DRC 23-27] Running DRC with 2 threads
INFO: [Vivado_Tcl 4-198] DRC finished with 0 Errors
INFO: [Vivado_Tcl 4-199] Please refer to the DRC report (report_drc) for more information.


Starting Routing Task
INFO: [Route 35-254] Multithreading enabled for route_design using a maximum of 2 CPUs
Checksum: PlaceDB: f62e8c7f ConstDB: 0 ShapeSum: f8ec0cf RouteDB: 0

Phase 1 Build RT Design
Phase 1 Build RT Design | Checksum: 140bf2a9b

Time (s): cpu = 00:00:11 ; elapsed = 00:00:09 . Memory (MB): peak = 1261.527 ; gain = 0.000
Post Restoration Checksum: NetGraph: cd95c198 NumContArr: 73296903 Constraints: 0 Timing: 0

Phase 2 Router Initialization

Phase 2.1 Create Timer
Phase 2.1 Create Timer | Checksum: 140bf2a9b

Time (s): cpu = 00:00:11 ; elapsed = 00:00:09 . Memory (MB): peak = 1261.527 ; gain = 0.000

Phase 2.2 Fix Topology Constraints
Phase 2.2 Fix Topology Constraints | Checksum: 140bf2a9b

Time (s): cpu = 00:00:11 ; elapsed = 00:00:09 . Memory (MB): peak = 1261.527 ; gain = 0.000

Phase 2.3 Pre Route Cleanup
Phase 2.3 Pre Route Cleanup | Checksum: 140bf2a9b

Time (s): cpu = 00:00:11 ; elapsed = 00:00:09 . Memory (MB): peak = 1261.527 ; gain = 0.000
 Number of Nodes with overlaps = 0

Phase 2.4 Update Timing
Phase 2.4 Update Timing | Checksum: 14b3305ed

Time (s): cpu = 00:00:12 ; elapsed = 00:00:10 . Memory (MB): peak = 1261.527 ; gain = 0.000
INFO: [Route 35-416] Intermediate Timing Summary | WNS=-0.218 | TNS=-0.304 | WHS=-2.057 | THS=-103.964|

Phase 2 Router Initialization | Checksum: 12821b3dd

Time (s): cpu = 00:00:12 ; elapsed = 00:00:10 . Memory (MB): peak = 1261.527 ; gain = 0.000

Phase 3 Initial Routing
Phase 3 Initial Routing | Checksum: 19a267d37

Time (s): cpu = 00:00:13 ; elapsed = 00:00:11 . Memory (MB): peak = 1261.527 ; gain = 0.000

Phase 4 Rip-up And Reroute

Phase 4.1 Global Iteration 0
 Number of Nodes with overlaps = 379
 Number of Nodes with overlaps = 48
 Number of Nodes with overlaps = 12
 Number of Nodes with overlaps = 2
 Number of Nodes with overlaps = 0
INFO: [Route 35-416] Intermediate Timing Summary | WNS=-0.264 | TNS=-2.644 | WHS=N/A    | THS=N/A    |

Phase 4.1 Global Iteration 0 | Checksum: 188240f7c

Time (s): cpu = 00:00:15 ; elapsed = 00:00:12 . Memory (MB): peak = 1261.527 ; gain = 0.000

Phase 4.2 Global Iteration 1
 Number of Nodes with overlaps = 58
 Number of Nodes with overlaps = 23
 Number of Nodes with overlaps = 6
 Number of Nodes with overlaps = 2
 Number of Nodes with overlaps = 0
INFO: [Route 35-416] Intermediate Timing Summary | WNS=-0.071 | TNS=-0.071 | WHS=N/A    | THS=N/A    |

Phase 4.2 Global Iteration 1 | Checksum: 18e2b5f48

Time (s): cpu = 00:00:16 ; elapsed = 00:00:13 . Memory (MB): peak = 1261.527 ; gain = 0.000

Phase 4.3 Global Iteration 2
 Number of Nodes with overlaps = 37
 Number of Nodes with overlaps = 16
 Number of Nodes with overlaps = 5
 Number of Nodes with overlaps = 3
 Number of Nodes with overlaps = 1
 Number of Nodes with overlaps = 0
INFO: [Route 35-416] Intermediate Timing Summary | WNS=0.044  | TNS=0.000  | WHS=N/A    | THS=N/A    |

Phase 4.3 Global Iteration 2 | Checksum: 20f8c965c

Time (s): cpu = 00:00:17 ; elapsed = 00:00:14 . Memory (MB): peak = 1261.527 ; gain = 0.000
Phase 4 Rip-up And Reroute | Checksum: 20f8c965c

Time (s): cpu = 00:00:17 ; elapsed = 00:00:14 . Memory (MB): peak = 1261.527 ; gain = 0.000

Phase 5 Delay and Skew Optimization

Phase 5.1 Delay CleanUp
Phase 5.1 Delay CleanUp | Checksum: 20f8c965c

Time (s): cpu = 00:00:17 ; elapsed = 00:00:14 . Memory (MB): peak = 1261.527 ; gain = 0.000

Phase 5.2 Clock Skew Optimization
Phase 5.2 Clock Skew Optimization | Checksum: 20f8c965c

Time (s): cpu = 00:00:17 ; elapsed = 00:00:14 . Memory (MB): peak = 1261.527 ; gain = 0.000
Phase 5 Delay and Skew Optimization | Checksum: 20f8c965c

Time (s): cpu = 00:00:17 ; elapsed = 00:00:14 . Memory (MB): peak = 1261.527 ; gain = 0.000

Phase 6 Post Hold Fix

Phase 6.1 Hold Fix Iter

Phase 6.1.1 Update Timing
Phase 6.1.1 Update Timing | Checksum: 1af953ac3

Time (s): cpu = 00:00:17 ; elapsed = 00:00:14 . Memory (MB): peak = 1261.527 ; gain = 0.000
INFO: [Route 35-416] Intermediate Timing Summary | WNS=0.138  | TNS=0.000  | WHS=0.050  | THS=0.000  |

Phase 6.1 Hold Fix Iter | Checksum: 1af953ac3

Time (s): cpu = 00:00:17 ; elapsed = 00:00:14 . Memory (MB): peak = 1261.527 ; gain = 0.000
Phase 6 Post Hold Fix | Checksum: 1af953ac3

Time (s): cpu = 00:00:17 ; elapsed = 00:00:14 . Memory (MB): peak = 1261.527 ; gain = 0.000

Phase 7 Route finalize

Router Utilization Summary
  Global Vertical Routing Utilization    = 2.6509 %
  Global Horizontal Routing Utilization  = 3.04359 %
  Routable Net Status*
  *Does not include unroutable nets such as driverless and loadless.
  Run report_route_status for detailed report.
  Number of Failed Nets               = 0
  Number of Unrouted Nets             = 0
  Number of Partially Routed Nets     = 0
  Number of Node Overlaps             = 0

Phase 7 Route finalize | Checksum: 2121c3099

Time (s): cpu = 00:00:17 ; elapsed = 00:00:14 . Memory (MB): peak = 1261.527 ; gain = 0.000

Phase 8 Verifying routed nets

 Verification completed successfully
Phase 8 Verifying routed nets | Checksum: 2121c3099

Time (s): cpu = 00:00:17 ; elapsed = 00:00:14 . Memory (MB): peak = 1261.527 ; gain = 0.000

Phase 9 Depositing Routes
Phase 9 Depositing Routes | Checksum: 2301ef3f0

Time (s): cpu = 00:00:17 ; elapsed = 00:00:14 . Memory (MB): peak = 1261.527 ; gain = 0.000

Phase 10 Post Router Timing
INFO: [Route 35-57] Estimated Timing Summary | WNS=0.138  | TNS=0.000  | WHS=0.050  | THS=0.000  |

INFO: [Route 35-327] The final timing numbers are based on the router estimated timing analysis. For a complete and accurate timing signoff, please run report_timing_summary.
Phase 10 Post Router Timing | Checksum: 2301ef3f0

Time (s): cpu = 00:00:17 ; elapsed = 00:00:14 . Memory (MB): peak = 1261.527 ; gain = 0.000
INFO: [Route 35-16] Router Completed Successfully

Time (s): cpu = 00:00:17 ; elapsed = 00:00:14 . Memory (MB): peak = 1261.527 ; gain = 0.000

Routing Is Done.
INFO: [Common 17-83] Releasing license: Implementation
103 Infos, 2 Warnings, 3 Critical Warnings and 0 Errors encountered.
route_design completed successfully
route_design: Time (s): cpu = 00:00:19 ; elapsed = 00:00:16 . Memory (MB): peak = 1261.527 ; gain = 0.000
Netlist sorting complete. Time (s): cpu = 00:00:00 ; elapsed = 00:00:00.001 . Memory (MB): peak = 1261.527 ; gain = 0.000
INFO: [Timing 38-480] Writing timing data to binary archive.
Writing placer database...
Netlist sorting complete. Time (s): cpu = 00:00:00 ; elapsed = 00:00:00.002 . Memory (MB): peak = 1261.527 ; gain = 0.000
Writing XDEF routing.
Writing XDEF routing logical nets.
Writing XDEF routing special nets.
Write XDEF Complete: Time (s): cpu = 00:00:02 ; elapsed = 00:00:00.405 . Memory (MB): peak = 1261.527 ; gain = 0.000
INFO: [Common 17-1381] The checkpoint 'E:/vivadofile/lab_102/lab_102.runs/impl_1/test_routed.dcp' has been generated.
INFO: [runtcl-4] Executing : report_drc -file test_drc_routed.rpt -pb test_drc_routed.pb -rpx test_drc_routed.rpx
Command: report_drc -file test_drc_routed.rpt -pb test_drc_routed.pb -rpx test_drc_routed.rpx
INFO: [IP_Flow 19-1839] IP Catalog is up to date.
INFO: [DRC 23-27] Running DRC with 2 threads
INFO: [Coretcl 2-168] The results of DRC are in file E:/vivadofile/lab_102/lab_102.runs/impl_1/test_drc_routed.rpt.
report_drc completed successfully
INFO: [runtcl-4] Executing : report_methodology -file test_methodology_drc_routed.rpt -pb test_methodology_drc_routed.pb -rpx test_methodology_drc_routed.rpx
Command: report_methodology -file test_methodology_drc_routed.rpt -pb test_methodology_drc_routed.pb -rpx test_methodology_drc_routed.rpx
INFO: [Timing 38-35] Done setting XDC timing constraints.
INFO: [DRC 23-133] Running Methodology with 2 threads
INFO: [Coretcl 2-1520] The results of Report Methodology are in file E:/vivadofile/lab_102/lab_102.runs/impl_1/test_methodology_drc_routed.rpt.
report_methodology completed successfully
INFO: [runtcl-4] Executing : report_power -file test_power_routed.rpt -pb test_power_summary_routed.pb -rpx test_power_routed.rpx
Command: report_power -file test_power_routed.rpt -pb test_power_summary_routed.pb -rpx test_power_routed.rpx
INFO: [Timing 38-35] Done setting XDC timing constraints.
Running Vector-less Activity Propagation...

Finished Running Vector-less Activity Propagation
115 Infos, 2 Warnings, 3 Critical Warnings and 0 Errors encountered.
report_power completed successfully
INFO: [runtcl-4] Executing : report_route_status -file test_route_status.rpt -pb test_route_status.pb
INFO: [runtcl-4] Executing : report_timing_summary -max_paths 10 -file test_timing_summary_routed.rpt -pb test_timing_summary_routed.pb -rpx test_timing_summary_routed.rpx -warn_on_violation 
INFO: [Timing 38-91] UpdateTimingParams: Speed grade: -1, Delay Type: min_max.
INFO: [Timing 38-191] Multithreading enabled for timing update using a maximum of 2 CPUs
CRITICAL WARNING: [Timing 38-282] The design failed to meet the timing requirements. Please see the timing summary report for details on the timing violations.
INFO: [runtcl-4] Executing : report_incremental_reuse -file test_incremental_reuse_routed.rpt
INFO: [Vivado_Tcl 4-1062] Incremental flow is disabled. No incremental reuse Info to report.
INFO: [runtcl-4] Executing : report_clock_utilization -file test_clock_utilization_routed.rpt
INFO: [runtcl-4] Executing : report_bus_skew -warn_on_violation -file test_bus_skew_routed.rpt -pb test_bus_skew_routed.pb -rpx test_bus_skew_routed.rpx
INFO: [Timing 38-91] UpdateTimingParams: Speed grade: -1, Delay Type: min_max.
INFO: [Timing 38-191] Multithreading enabled for timing update using a maximum of 2 CPUs
INFO: [Common 17-206] Exiting Vivado at Fri Jul 31 17:46:58 2020...

*** Running vivado
    with args -log test.vdi -applog -m64 -product Vivado -messageDb vivado.pb -mode batch -source test.tcl -notrace


****** Vivado v2018.3 (64-bit)
  **** SW Build 2405991 on Thu Dec  6 23:38:27 MST 2018
  **** IP Build 2404404 on Fri Dec  7 01:43:56 MST 2018
    ** Copyright 1986-2018 Xilinx, Inc. All Rights Reserved.

source test.tcl -notrace
Command: open_checkpoint test_routed.dcp

Starting open_checkpoint Task

Time (s): cpu = 00:00:00 ; elapsed = 00:00:00.033 . Memory (MB): peak = 252.402 ; gain = 0.000
INFO: [Netlist 29-17] Analyzing 170 Unisim elements for replacement
INFO: [Netlist 29-28] Unisim Transformation completed in 0 CPU seconds
INFO: [Project 1-479] Netlist was created with Vivado 2018.3
INFO: [Device 21-403] Loading part xc7s15ftgb196-1
INFO: [Project 1-570] Preparing netlist for logic optimization
WARNING: [Constraints 18-550] Could not create 'IBUF_LOW_PWR' constraint because net 'MIPI_Trans_Driver/camera_clock/clk_in1' is not directly connected to top level port. Synthesis is ignored for IBUF_LOW_PWR but preserved for implementation.
INFO: [Constraints 18-4398] Generator version for shapeDB does not match. shapeDB will be regenerated.
INFO: [Timing 38-478] Restoring timing data from binary archive.
INFO: [Timing 38-479] Binary timing data restore complete.
INFO: [Project 1-856] Restoring constraints from binary archive.
INFO: [Project 1-853] Binary constraint restore complete.
Reading XDEF placement.
Reading placer database...
Reading XDEF routing.
Read XDEF File: Time (s): cpu = 00:00:00 ; elapsed = 00:00:00.370 . Memory (MB): peak = 955.230 ; gain = 0.637
Restored from archive | CPU: 0.000000 secs | Memory: 0.000000 MB |
Finished XDEF File Restore: Time (s): cpu = 00:00:00 ; elapsed = 00:00:00.370 . Memory (MB): peak = 955.230 ; gain = 0.637
Netlist sorting complete. Time (s): cpu = 00:00:00 ; elapsed = 00:00:00.001 . Memory (MB): peak = 955.238 ; gain = 0.000
INFO: [Project 1-111] Unisim Transformation Summary:
  A total of 1 instances were transformed.
  IOBUF => IOBUF (IBUF, OBUFT): 1 instances

INFO: [Project 1-604] Checkpoint was created with Vivado v2018.3 (64-bit) build 2405991
open_checkpoint: Time (s): cpu = 00:00:17 ; elapsed = 00:00:18 . Memory (MB): peak = 955.504 ; gain = 703.102
Command: write_bitstream -force test.bit
Attempting to get a license for feature 'Implementation' and/or device 'xc7s15'
INFO: [Common 17-349] Got license for feature 'Implementation' and/or device 'xc7s15'
Running DRC as a precondition to command write_bitstream
INFO: [IP_Flow 19-234] Refreshing IP repositories
INFO: [IP_Flow 19-1704] No user IP repositories specified
INFO: [IP_Flow 19-2313] Loaded Vivado IP repository 'D:/solftware/vivado/Vivado/2018.3/data/ip'.
INFO: [DRC 23-27] Running DRC with 2 threads
WARNING: [DRC BUFC-1] Input Buffer Connections: Input buffer Camera_IIC_SDA_IOBUF/IBUF has no loads. It is recommended to have an input buffer drive an internal load.
WARNING: [DRC DPIP-1] Input pipelining: DSP Image_Process_Edge/image_processing1/digital_recognition1/x1_state2 input Image_Process_Edge/image_processing1/digital_recognition1/x1_state2/C[47:0] is not pipelined. Pipelining DSP48 input will improve performance.
WARNING: [DRC DPIP-1] Input pipelining: DSP Image_Process_Edge/image_processing1/digital_recognition1/x2_state2 input Image_Process_Edge/image_processing1/digital_recognition1/x2_state2/C[47:0] is not pipelined. Pipelining DSP48 input will improve performance.
INFO: [Vivado 12-3199] DRC finished with 0 Errors, 3 Warnings
INFO: [Vivado 12-3200] Please refer to the DRC report (report_drc) for more information.
INFO: [Designutils 20-2272] Running write_bitstream with 2 threads.
Loading data files...
Loading site data...
Loading route data...
Processing options...
Creating bitmap...
Creating bitstream...
Writing bitstream ./test.bit...
INFO: [Vivado 12-1842] Bitgen Completed Successfully.
INFO: [Project 1-120] WebTalk data collection is mandatory when using a WebPACK part without a full Vivado license. To see the specific WebTalk data collected for your design, open the usage_statistics_webtalk.html or usage_statistics_webtalk.xml file in the implementation directory.
INFO: [Common 17-83] Releasing license: Implementation
23 Infos, 4 Warnings, 0 Critical Warnings and 0 Errors encountered.
write_bitstream completed successfully
write_bitstream: Time (s): cpu = 00:00:17 ; elapsed = 00:00:17 . Memory (MB): peak = 1416.672 ; gain = 461.168
INFO: [Common 17-206] Exiting Vivado at Fri Jul 31 17:48:19 2020...
